[2024-05-27 15:58:35,879] [INFO] [real_accelerator.py:191:get_accelerator] Setting ds_accelerator to cuda (auto detect)
[2024-05-27 15:58:38,326] [WARNING] [runner.py:202:fetch_hostfile] Unable to find hostfile, will proceed with training with local resources only.
[2024-05-27 15:58:38,326] [INFO] [runner.py:568:main] cmd = /home/lwh/miniconda3/envs/omniquant/bin/python -u -m deepspeed.launcher.launch --world_info=eyJsb2NhbGhvc3QiOiBbMCwgMSwgMiwgMywgNCwgNSwgNiwgN119 --master_addr=127.0.0.1 --master_port=29500 --enable_each_rank_log=None train.py --deepspeed_config ds_config.json --env_conf hybird1-1.json
[2024-05-27 15:58:40,120] [INFO] [real_accelerator.py:191:get_accelerator] Setting ds_accelerator to cuda (auto detect)
[2024-05-27 15:58:41,972] [INFO] [launch.py:145:main] WORLD INFO DICT: {'localhost': [0, 1, 2, 3, 4, 5, 6, 7]}
[2024-05-27 15:58:41,972] [INFO] [launch.py:151:main] nnodes=1, num_local_procs=8, node_rank=0
[2024-05-27 15:58:41,972] [INFO] [launch.py:162:main] global_rank_mapping=defaultdict(<class 'list'>, {'localhost': [0, 1, 2, 3, 4, 5, 6, 7]})
[2024-05-27 15:58:41,972] [INFO] [launch.py:163:main] dist_world_size=8
[2024-05-27 15:58:41,972] [INFO] [launch.py:165:main] Setting CUDA_VISIBLE_DEVICES=0,1,2,3,4,5,6,7
[2024-05-27 15:58:45,701] [INFO] [real_accelerator.py:191:get_accelerator] Setting ds_accelerator to cuda (auto detect)
[2024-05-27 15:58:45,721] [INFO] [real_accelerator.py:191:get_accelerator] Setting ds_accelerator to cuda (auto detect)
[2024-05-27 15:58:45,721] [INFO] [real_accelerator.py:191:get_accelerator] Setting ds_accelerator to cuda (auto detect)
[2024-05-27 15:58:45,721] [INFO] [real_accelerator.py:191:get_accelerator] Setting ds_accelerator to cuda (auto detect)
[2024-05-27 15:58:45,724] [INFO] [real_accelerator.py:191:get_accelerator] Setting ds_accelerator to cuda (auto detect)
[2024-05-27 15:58:45,727] [INFO] [real_accelerator.py:191:get_accelerator] Setting ds_accelerator to cuda (auto detect)
[2024-05-27 15:58:45,729] [INFO] [real_accelerator.py:191:get_accelerator] Setting ds_accelerator to cuda (auto detect)
[2024-05-27 15:58:45,745] [INFO] [real_accelerator.py:191:get_accelerator] Setting ds_accelerator to cuda (auto detect)
======================================== Config ========================================
chunk_size: 128,
enable_lora: true,
lora_kwargs: 
    lora_rank: 128,
    lora_alpha: 512,
    lora_dropout: 0
========================================================================================
======================================== Config ========================================
chunk_size: 128,
enable_lora: true,
lora_kwargs: 
    lora_rank: 128,
    lora_alpha: 512,
    lora_dropout: 0
========================================================================================
======================================== Config ========================================
chunk_size: 128,
enable_lora: true,
lora_kwargs: 
    lora_rank: 128,
    lora_alpha: 512,
    lora_dropout: 0
========================================================================================
======================================== Config ========================================
chunk_size: 128,
enable_lora: true,
lora_kwargs: 
    lora_rank: 128,
    lora_alpha: 512,
    lora_dropout: 0
========================================================================================
======================================== Config ========================================
chunk_size: 128,
enable_lora: true,
lora_kwargs: 
    lora_rank: 128,
    lora_alpha: 512,
    lora_dropout: 0
========================================================================================
======================================== Config ========================================
chunk_size: 128,
enable_lora: true,
lora_kwargs: 
    lora_rank: 128,
    lora_alpha: 512,
    lora_dropout: 0
========================================================================================
======================================== Config ========================================
chunk_size: 128,
enable_lora: true,
lora_kwargs: 
    lora_rank: 128,
    lora_alpha: 512,
    lora_dropout: 0
========================================================================================
======================================== Config ========================================
chunk_size: 128,
enable_lora: true,
lora_kwargs: 
    lora_rank: 128,
    lora_alpha: 512,
    lora_dropout: 0
========================================================================================
[2024-05-27 15:59:48,127] [INFO] [logging.py:96:log_dist] [Rank -1] DeepSpeed info: version=0.13.1, git-hash=unknown, git-branch=unknown
[2024-05-27 15:59:48,127] [INFO] [comm.py:637:init_distributed] cdb=None
[2024-05-27 15:59:48,128] [INFO] [logging.py:96:log_dist] [Rank -1] DeepSpeed info: version=0.13.1, git-hash=unknown, git-branch=unknown
[2024-05-27 15:59:48,128] [INFO] [logging.py:96:log_dist] [Rank -1] DeepSpeed info: version=0.13.1, git-hash=unknown, git-branch=unknown
[2024-05-27 15:59:48,128] [INFO] [comm.py:637:init_distributed] cdb=None
[2024-05-27 15:59:48,128] [INFO] [comm.py:637:init_distributed] cdb=None
[2024-05-27 15:59:48,128] [INFO] [logging.py:96:log_dist] [Rank -1] DeepSpeed info: version=0.13.1, git-hash=unknown, git-branch=unknown
[2024-05-27 15:59:48,129] [INFO] [logging.py:96:log_dist] [Rank -1] DeepSpeed info: version=0.13.1, git-hash=unknown, git-branch=unknown
[2024-05-27 15:59:48,129] [INFO] [comm.py:637:init_distributed] cdb=None
[2024-05-27 15:59:48,129] [INFO] [comm.py:637:init_distributed] cdb=None
[2024-05-27 15:59:48,134] [INFO] [logging.py:96:log_dist] [Rank -1] DeepSpeed info: version=0.13.1, git-hash=unknown, git-branch=unknown
[2024-05-27 15:59:48,134] [INFO] [comm.py:637:init_distributed] cdb=None
[2024-05-27 15:59:48,134] [INFO] [comm.py:668:init_distributed] Initializing TorchBackend in DeepSpeed with backend nccl
[2024-05-27 15:59:48,134] [INFO] [logging.py:96:log_dist] [Rank -1] DeepSpeed info: version=0.13.1, git-hash=unknown, git-branch=unknown
[2024-05-27 15:59:48,134] [INFO] [comm.py:637:init_distributed] cdb=None
[2024-05-27 15:59:48,137] [INFO] [logging.py:96:log_dist] [Rank -1] DeepSpeed info: version=0.13.1, git-hash=unknown, git-branch=unknown
[2024-05-27 15:59:48,137] [INFO] [comm.py:637:init_distributed] cdb=None
[2024-05-27 16:00:18,174] [INFO] [logging.py:96:log_dist] [Rank 0] DeepSpeed Flops Profiler Enabled: False
ninja: no work to do.
Time to load cpu_adam op: 2.48824405670166 seconds
ninja: no work to do.
Time to load cpu_adam op: 2.403313398361206 seconds
ninja: no work to do.
Time to load cpu_adam op: 2.445176124572754 seconds
ninja: no work to do.
Time to load cpu_adam op: 2.4975192546844482 seconds
Time to load cpu_adam op: 2.51090669631958 seconds
Time to load cpu_adam op: 2.4552860260009766 seconds
Time to load cpu_adam op: 2.4157841205596924 seconds
Adam Optimizer #0 is created with AVX512 arithmetic capability.
Config: alpha=0.000010, betas=(0.900000, 0.999000), weight_decay=0.000000, adam_w=1
[2024-05-27 16:00:25,161] [INFO] [logging.py:96:log_dist] [Rank 0] Using DeepSpeed Optimizer param name adam as basic optimizer
[2024-05-27 16:00:25,161] [INFO] [logging.py:96:log_dist] [Rank 0] Removing param_group that has no 'params' in the basic Optimizer
[2024-05-27 16:00:25,199] [INFO] [logging.py:96:log_dist] [Rank 0] DeepSpeed Basic Optimizer = DeepSpeedCPUAdam
[2024-05-27 16:00:25,199] [INFO] [utils.py:56:is_zero_supported_optimizer] Checking ZeRO support for optimizer=DeepSpeedCPUAdam type=<class 'deepspeed.ops.adam.cpu_adam.DeepSpeedCPUAdam'>
[2024-05-27 16:00:25,199] [INFO] [logging.py:96:log_dist] [Rank 0] Creating torch.bfloat16 ZeRO stage 2 optimizer
[2024-05-27 16:00:25,199] [INFO] [stage_1_and_2.py:143:__init__] Reduce bucket size 500,000,000
[2024-05-27 16:00:25,200] [INFO] [stage_1_and_2.py:144:__init__] Allgather bucket size 500,000,000
[2024-05-27 16:00:25,200] [INFO] [stage_1_and_2.py:145:__init__] CPU Offload: True
[2024-05-27 16:00:25,200] [INFO] [stage_1_and_2.py:146:__init__] Round robin gradient partitioning: False
ninja: no work to do.
Time to load cpu_adam op: 2.3922293186187744 seconds
Adam Optimizer #0 is created with AVX512 arithmetic capability.
Config: alpha=0.000010, betas=(0.900000, 0.999000), weight_decay=0.000000, adam_w=1
[2024-05-27 16:00:26,551] [INFO] [utils.py:791:see_memory_usage] Before initializing optimizer states
[2024-05-27 16:00:26,552] [INFO] [utils.py:792:see_memory_usage] MA 13.21 GB         Max_MA 13.21 GB         CA 13.26 GB         Max_CA 13 GB 
[2024-05-27 16:00:26,552] [INFO] [utils.py:799:see_memory_usage] CPU Virtual Memory:  used = 32.71 GB, percent = 26.1%
Adam Optimizer #0 is created with AVX512 arithmetic capability.
Config: alpha=0.000010, betas=(0.900000, 0.999000), weight_decay=0.000000, adam_w=1
[2024-05-27 16:00:26,801] [INFO] [utils.py:791:see_memory_usage] After initializing optimizer states
[2024-05-27 16:00:26,803] [INFO] [utils.py:792:see_memory_usage] MA 13.21 GB         Max_MA 13.21 GB         CA 13.26 GB         Max_CA 13 GB 
[2024-05-27 16:00:26,804] [INFO] [utils.py:799:see_memory_usage] CPU Virtual Memory:  used = 34.55 GB, percent = 27.5%
[2024-05-27 16:00:26,804] [INFO] [stage_1_and_2.py:533:__init__] optimizer state initialized
Adam Optimizer #0 is created with AVX512 arithmetic capability.
Config: alpha=0.000010, betas=(0.900000, 0.999000), weight_decay=0.000000, adam_w=1
Adam Optimizer #0 is created with AVX512 arithmetic capability.
Config: alpha=0.000010, betas=(0.900000, 0.999000), weight_decay=0.000000, adam_w=1
Adam Optimizer #0 is created with AVX512 arithmetic capability.
Config: alpha=0.000010, betas=(0.900000, 0.999000), weight_decay=0.000000, adam_w=1
[2024-05-27 16:00:26,973] [INFO] [utils.py:791:see_memory_usage] After initializing ZeRO optimizer
[2024-05-27 16:00:26,974] [INFO] [utils.py:792:see_memory_usage] MA 13.21 GB         Max_MA 13.21 GB         CA 13.26 GB         Max_CA 13 GB 
[2024-05-27 16:00:26,974] [INFO] [utils.py:799:see_memory_usage] CPU Virtual Memory:  used = 35.2 GB, percent = 28.0%
[2024-05-27 16:00:26,980] [INFO] [logging.py:96:log_dist] [Rank 0] DeepSpeed Final Optimizer = adam
[2024-05-27 16:00:26,980] [INFO] [logging.py:96:log_dist] [Rank 0] DeepSpeed using configured LR scheduler = WarmupCosineLR
[2024-05-27 16:00:26,980] [INFO] [logging.py:96:log_dist] [Rank 0] DeepSpeed LR Scheduler = <deepspeed.runtime.lr_schedules.WarmupCosineLR object at 0x7f076c1e9990>
[2024-05-27 16:00:26,980] [INFO] [logging.py:96:log_dist] [Rank 0] step=0, skipped=0, lr=[1e-05], mom=[[0.9, 0.999]]
[2024-05-27 16:00:26,985] [INFO] [config.py:984:print] DeepSpeedEngine configuration:
[2024-05-27 16:00:26,985] [INFO] [config.py:988:print]   activation_checkpointing_config  {
    "partition_activations": false, 
    "contiguous_memory_optimization": false, 
    "cpu_checkpointing": false, 
    "number_checkpoints": null, 
    "synchronize_checkpoint_boundary": false, 
    "profile": false
}
[2024-05-27 16:00:26,985] [INFO] [config.py:988:print]   aio_config ................... {'block_size': 1048576, 'queue_depth': 8, 'thread_count': 1, 'single_submit': False, 'overlap_events': True}
[2024-05-27 16:00:26,985] [INFO] [config.py:988:print]   amp_enabled .................. False
[2024-05-27 16:00:26,986] [INFO] [config.py:988:print]   amp_params ................... False
[2024-05-27 16:00:26,986] [INFO] [config.py:988:print]   autotuning_config ............ {
    "enabled": false, 
    "start_step": null, 
    "end_step": null, 
    "metric_path": null, 
    "arg_mappings": null, 
    "metric": "throughput", 
    "model_info": null, 
    "results_dir": "autotuning_results", 
    "exps_dir": "autotuning_exps", 
    "overwrite": true, 
    "fast": true, 
    "start_profile_step": 3, 
    "end_profile_step": 5, 
    "tuner_type": "gridsearch", 
    "tuner_early_stopping": 5, 
    "tuner_num_trials": 50, 
    "model_info_path": null, 
    "mp_size": 1, 
    "max_train_batch_size": null, 
    "min_train_batch_size": 1, 
    "max_train_micro_batch_size_per_gpu": 1.024000e+03, 
    "min_train_micro_batch_size_per_gpu": 1, 
    "num_tuning_micro_batch_sizes": 3
}
[2024-05-27 16:00:26,986] [INFO] [config.py:988:print]   bfloat16_enabled ............. True
[2024-05-27 16:00:26,986] [INFO] [config.py:988:print]   checkpoint_parallel_write_pipeline  False
[2024-05-27 16:00:26,986] [INFO] [config.py:988:print]   checkpoint_tag_validation_enabled  True
[2024-05-27 16:00:26,986] [INFO] [config.py:988:print]   checkpoint_tag_validation_fail  False
[2024-05-27 16:00:26,986] [INFO] [config.py:988:print]   comms_config ................. <deepspeed.comm.config.DeepSpeedCommsConfig object at 0x7f0798386140>
[2024-05-27 16:00:26,986] [INFO] [config.py:988:print]   communication_data_type ...... None
[2024-05-27 16:00:26,986] [INFO] [config.py:988:print]   compression_config ........... {'weight_quantization': {'shared_parameters': {'enabled': False, 'quantizer_kernel': False, 'schedule_offset': 0, 'quantize_groups': 1, 'quantize_verbose': False, 'quantization_type': 'symmetric', 'quantize_weight_in_forward': False, 'rounding': 'nearest', 'fp16_mixed_quantize': False, 'quantize_change_ratio': 0.001}, 'different_groups': {}}, 'activation_quantization': {'shared_parameters': {'enabled': False, 'quantization_type': 'symmetric', 'range_calibration': 'dynamic', 'schedule_offset': 1000}, 'different_groups': {}}, 'sparse_pruning': {'shared_parameters': {'enabled': False, 'method': 'l1', 'schedule_offset': 1000}, 'different_groups': {}}, 'row_pruning': {'shared_parameters': {'enabled': False, 'method': 'l1', 'schedule_offset': 1000}, 'different_groups': {}}, 'head_pruning': {'shared_parameters': {'enabled': False, 'method': 'topk', 'schedule_offset': 1000}, 'different_groups': {}}, 'channel_pruning': {'shared_parameters': {'enabled': False, 'method': 'l1', 'schedule_offset': 1000}, 'different_groups': {}}, 'layer_reduction': {'enabled': False}}
[2024-05-27 16:00:26,986] [INFO] [config.py:988:print]   curriculum_enabled_legacy .... False
[2024-05-27 16:00:26,987] [INFO] [config.py:988:print]   curriculum_params_legacy ..... False
[2024-05-27 16:00:26,987] [INFO] [config.py:988:print]   data_efficiency_config ....... {'enabled': False, 'seed': 1234, 'data_sampling': {'enabled': False, 'num_epochs': 1000, 'num_workers': 0, 'curriculum_learning': {'enabled': False}}, 'data_routing': {'enabled': False, 'random_ltd': {'enabled': False, 'layer_token_lr_schedule': {'enabled': False}}}}
[2024-05-27 16:00:26,987] [INFO] [config.py:988:print]   data_efficiency_enabled ...... False
[2024-05-27 16:00:26,987] [INFO] [config.py:988:print]   dataloader_drop_last ......... False
[2024-05-27 16:00:26,987] [INFO] [config.py:988:print]   disable_allgather ............ False
[2024-05-27 16:00:26,987] [INFO] [config.py:988:print]   dump_state ................... False
[2024-05-27 16:00:26,987] [INFO] [config.py:988:print]   dynamic_loss_scale_args ...... None
[2024-05-27 16:00:26,987] [INFO] [config.py:988:print]   eigenvalue_enabled ........... False
[2024-05-27 16:00:26,987] [INFO] [config.py:988:print]   eigenvalue_gas_boundary_resolution  1
[2024-05-27 16:00:26,987] [INFO] [config.py:988:print]   eigenvalue_layer_name ........ bert.encoder.layer
[2024-05-27 16:00:26,987] [INFO] [config.py:988:print]   eigenvalue_layer_num ......... 0
[2024-05-27 16:00:26,987] [INFO] [config.py:988:print]   eigenvalue_max_iter .......... 100
[2024-05-27 16:00:26,987] [INFO] [config.py:988:print]   eigenvalue_stability ......... 1e-06
[2024-05-27 16:00:26,987] [INFO] [config.py:988:print]   eigenvalue_tol ............... 0.01
[2024-05-27 16:00:26,988] [INFO] [config.py:988:print]   eigenvalue_verbose ........... False
[2024-05-27 16:00:26,988] [INFO] [config.py:988:print]   elasticity_enabled ........... False
[2024-05-27 16:00:26,988] [INFO] [config.py:988:print]   flops_profiler_config ........ {
    "enabled": false, 
    "recompute_fwd_factor": 0.0, 
    "profile_step": 1, 
    "module_depth": -1, 
    "top_modules": 1, 
    "detailed": true, 
    "output_file": null
}
[2024-05-27 16:00:26,988] [INFO] [config.py:988:print]   fp16_auto_cast ............... None
[2024-05-27 16:00:26,988] [INFO] [config.py:988:print]   fp16_enabled ................. False
[2024-05-27 16:00:26,988] [INFO] [config.py:988:print]   fp16_master_weights_and_gradients  False
[2024-05-27 16:00:26,988] [INFO] [config.py:988:print]   global_rank .................. 0
[2024-05-27 16:00:26,988] [INFO] [config.py:988:print]   grad_accum_dtype ............. None
[2024-05-27 16:00:26,988] [INFO] [config.py:988:print]   gradient_accumulation_steps .. 1
[2024-05-27 16:00:26,988] [INFO] [config.py:988:print]   gradient_clipping ............ 0.0
[2024-05-27 16:00:26,988] [INFO] [config.py:988:print]   gradient_predivide_factor .... 1.0
[2024-05-27 16:00:26,989] [INFO] [config.py:988:print]   graph_harvesting ............. False
[2024-05-27 16:00:26,989] [INFO] [config.py:988:print]   hybrid_engine ................ enabled=False max_out_tokens=512 inference_tp_size=1 release_inference_cache=False pin_parameters=True tp_gather_partition_size=8
[2024-05-27 16:00:26,989] [INFO] [config.py:988:print]   initial_dynamic_scale ........ 1
[2024-05-27 16:00:26,989] [INFO] [config.py:988:print]   load_universal_checkpoint .... False
[2024-05-27 16:00:26,989] [INFO] [config.py:988:print]   loss_scale ................... 1.0
[2024-05-27 16:00:26,989] [INFO] [config.py:988:print]   memory_breakdown ............. False
[2024-05-27 16:00:26,989] [INFO] [config.py:988:print]   mics_hierarchial_params_gather  False
[2024-05-27 16:00:26,989] [INFO] [config.py:988:print]   mics_shard_size .............. -1
[2024-05-27 16:00:26,989] [INFO] [config.py:988:print]   monitor_config ............... tensorboard=TensorBoardConfig(enabled=False, output_path='', job_name='DeepSpeedJobName') wandb=WandbConfig(enabled=True, group=None, team=None, project='hybird') csv_monitor=CSVConfig(enabled=False, output_path='', job_name='DeepSpeedJobName') enabled=True
[2024-05-27 16:00:26,989] [INFO] [config.py:988:print]   nebula_config ................ {
    "enabled": false, 
    "persistent_storage_path": null, 
    "persistent_time_interval": 100, 
    "num_of_version_in_retention": 2, 
    "enable_nebula_load": true, 
    "load_path": null
}
[2024-05-27 16:00:26,989] [INFO] [config.py:988:print]   optimizer_legacy_fusion ...... False
[2024-05-27 16:00:26,989] [INFO] [config.py:988:print]   optimizer_name ............... adam
[2024-05-27 16:00:26,990] [INFO] [config.py:988:print]   optimizer_params ............. {'lr': 1e-05, 'betas': [0.9, 0.999], 'eps': 1e-08, 'weight_decay': 0}
[2024-05-27 16:00:26,990] [INFO] [config.py:988:print]   pipeline ..................... {'stages': 'auto', 'partition': 'best', 'seed_layers': False, 'activation_checkpoint_interval': 0, 'pipe_partitioned': True, 'grad_partitioned': True}
[2024-05-27 16:00:26,990] [INFO] [config.py:988:print]   pld_enabled .................. False
[2024-05-27 16:00:26,990] [INFO] [config.py:988:print]   pld_params ................... False
[2024-05-27 16:00:26,990] [INFO] [config.py:988:print]   prescale_gradients ........... False
[2024-05-27 16:00:26,990] [INFO] [config.py:988:print]   scheduler_name ............... WarmupCosineLR
[2024-05-27 16:00:26,990] [INFO] [config.py:988:print]   scheduler_params ............. {'total_num_steps': 1000000, 'warmup_min_ratio': 0.0003, 'warmup_num_steps': 300}
[2024-05-27 16:00:26,990] [INFO] [config.py:988:print]   seq_parallel_communication_data_type  torch.float32
[2024-05-27 16:00:26,990] [INFO] [config.py:988:print]   sparse_attention ............. None
[2024-05-27 16:00:26,990] [INFO] [config.py:988:print]   sparse_gradients_enabled ..... False
[2024-05-27 16:00:26,990] [INFO] [config.py:988:print]   steps_per_print .............. 10
[2024-05-27 16:00:26,990] [INFO] [config.py:988:print]   train_batch_size ............. 8
[2024-05-27 16:00:26,990] [INFO] [config.py:988:print]   train_micro_batch_size_per_gpu  1
[2024-05-27 16:00:26,990] [INFO] [config.py:988:print]   use_data_before_expert_parallel_  False
[2024-05-27 16:00:26,991] [INFO] [config.py:988:print]   use_node_local_storage ....... False
[2024-05-27 16:00:26,991] [INFO] [config.py:988:print]   wall_clock_breakdown ......... False
[2024-05-27 16:00:26,991] [INFO] [config.py:988:print]   weight_quantization_config ... None
[2024-05-27 16:00:26,991] [INFO] [config.py:988:print]   world_size ................... 8
[2024-05-27 16:00:26,991] [INFO] [config.py:988:print]   zero_allow_untested_optimizer  False
[2024-05-27 16:00:26,991] [INFO] [config.py:988:print]   zero_config .................. stage=2 contiguous_gradients=True reduce_scatter=True reduce_bucket_size=500,000,000 use_multi_rank_bucket_allreduce=True allgather_partitions=True allgather_bucket_size=500,000,000 overlap_comm=False load_from_fp32_weights=True elastic_checkpoint=False offload_param=DeepSpeedZeroOffloadParamConfig(device='cpu', nvme_path=None, buffer_count=5, buffer_size=100,000,000, max_in_cpu=1,000,000,000, pin_memory=False) offload_optimizer=DeepSpeedZeroOffloadOptimizerConfig(device='cpu', nvme_path=None, buffer_count=4, pin_memory=False, pipeline=False, pipeline_read=False, pipeline_write=False, fast_init=False, ratio=1.0) sub_group_size=1,000,000,000 cpu_offload_param=None cpu_offload_use_pin_memory=None cpu_offload=None prefetch_bucket_size=500000000 param_persistence_threshold=1000000 model_persistence_threshold=sys.maxsize max_live_parameters=1000000000 max_reuse_distance=1000000000 gather_16bit_weights_on_model_save=False stage3_gather_fp16_weights_on_model_save=False ignore_unused_parameters=True legacy_stage1=False round_robin_gradients=False zero_hpz_partition_size=1 zero_quantized_weights=False zero_quantized_nontrainable_weights=False zero_quantized_gradients=False mics_shard_size=-1 mics_hierarchical_params_gather=False memory_efficient_linear=True pipeline_loading_checkpoint=False override_module_apply=True
[2024-05-27 16:00:26,991] [INFO] [config.py:988:print]   zero_enabled ................. True
[2024-05-27 16:00:26,991] [INFO] [config.py:988:print]   zero_force_ds_cpu_optimizer .. True
[2024-05-27 16:00:26,991] [INFO] [config.py:988:print]   zero_optimization_stage ...... 2
[2024-05-27 16:00:26,992] [INFO] [config.py:974:print_user_config]   json = {
    "train_epochs": 10, 
    "train_batch_size": 8, 
    "train_micro_batch_size_per_gpu": 1, 
    "gradient_accumulation_steps": 1, 
    "optimizer": {
        "type": "Adam", 
        "params": {
            "lr": 1e-05, 
            "betas": [0.9, 0.999], 
            "eps": 1e-08, 
            "weight_decay": 0
        }
    }, 
    "scheduler": {
        "type": "WarmupCosineLR", 
        "params": {
            "total_num_steps": 1.000000e+06, 
            "warmup_min_ratio": 0.0003, 
            "warmup_num_steps": 300
        }
    }, 
    "bf16": {
        "enabled": true
    }, 
    "enable_gradient_clipping_with_value": 1, 
    "zero_optimization": {
        "stage": 2, 
        "offload_param": {
            "device": "cpu"
        }, 
        "offload_optimizer": {
            "device": "cpu"
        }, 
        "stage3_max_live_parameters": 1.000000e+09, 
        "stage3_max_reuse_distance": 1.000000e+09, 
        "stage3_prefetch_bucket_size": 5.000000e+08, 
        "stage3_param_persistence_threshold": 1.000000e+06
    }, 
    "wandb": {
        "enabled": true, 
        "project": "hybird"
    }
}
Adam Optimizer #0 is created with AVX512 arithmetic capability.
Config: alpha=0.000010, betas=(0.900000, 0.999000), weight_decay=0.000000, adam_w=1
Adam Optimizer #0 is created with AVX512 arithmetic capability.
Config: alpha=0.000010, betas=(0.900000, 0.999000), weight_decay=0.000000, adam_w=1
[2024-05-27 16:00:33,124] [INFO] [launch.py:315:sigkill_handler] Killing subprocess 341660
[2024-05-27 16:00:34,194] [INFO] [launch.py:315:sigkill_handler] Killing subprocess 341661
[2024-05-27 16:00:35,254] [INFO] [launch.py:315:sigkill_handler] Killing subprocess 341662
[2024-05-27 16:00:36,002] [INFO] [launch.py:315:sigkill_handler] Killing subprocess 341663
[2024-05-27 16:00:36,011] [INFO] [launch.py:315:sigkill_handler] Killing subprocess 341664
[2024-05-27 16:00:36,011] [INFO] [launch.py:315:sigkill_handler] Killing subprocess 341665
[2024-05-27 16:00:36,717] [INFO] [launch.py:315:sigkill_handler] Killing subprocess 341666
[2024-05-27 16:00:37,441] [INFO] [launch.py:315:sigkill_handler] Killing subprocess 341667
[2024-05-27 16:00:37,466] [ERROR] [launch.py:321:sigkill_handler] ['/home/lwh/miniconda3/envs/omniquant/bin/python', '-u', 'train.py', '--local_rank=7', '--deepspeed_config', 'ds_config.json', '--env_conf', 'hybird1-1.json'] exits with return code = -6
